
coord 7 335:21 333
coord 26 217:26 230
reseting
drawing coord:7 335:21 333
coord 26 327:26 331
coord 27 221:27 282
reseting
drawing coord:26 327:26 331
coord 28 327:42 325
coord 44 321:58 319
appending coord:28 327:58 319
coord 60 315:71 314
reseting
drawing coord:28 327:58 319
coord 76 309:87 308
coord 92 303:106 300
appending coord:76 309:106 300
coord 112 295:126 292
reseting
drawing coord:76 309:106 300
coord 128 289:128 292
coord 129 289:129 291
appending coord:128 289:129 291
coord 130 288:130 291
appending coord:128 289:130 291
coord 131 288:131 290
appending coord:128 289:131 290
coord 132 287:135 289
appending coord:128 289:135 289
coord 136 286:136 289
appending coord:128 289:136 289
coord 137 249:137 282
reseting
drawing coord:128 289:136 289
coord 138 235:138 246
coord 140 286:141 286
reseting
drawing coord:138 235:138 246
coord 142 283:143 285
coord 144 283:145 285
appending coord:142 283:145 285
coord 146 282:146 284
appending coord:142 283:146 284
coord 147 282:150 283
appending coord:142 283:150 283
coord 151 280:151 282
appending coord:142 283:151 282
coord 152 280:162 278
appending coord:142 283:162 278
coord 163 275:163 277
appending coord:142 283:163 277
coord 164 275:164 277
appending coord:142 283:164 277
coord 166 189:166 214
reseting
drawing coord:142 283:164 277
coord 166 275:166 276
coord 167 237:167 248
reseting
drawing coord:166 275:166 276
coord 168 274:172 274
coord 173 272:181 270
appending coord:168 274:181 270
coord 182 268:188 267
appending coord:168 274:188 267
coord 189 266:189 267
appending coord:168 274:189 267
coord 190 265:192 266
appending coord:168 274:192 266
coord 193 264:194 265
appending coord:168 274:194 265
coord 196 263:196 264
appending coord:168 274:196 264
coord 198 261:201 262
reseting
drawing coord:168 274:196 264
coord 202 260:204 248
coord 205 259:205 261
appending coord:202 260:205 261
coord 206 259:209 271
appending coord:202 260:209 271
coord 210 257:210 258
appending coord:202 260:210 258
coord 212 256:216 269
appending coord:202 260:216 269
coord 222 177:222 203
reseting
drawing coord:202 260:216 269
coord 223 177:223 203
coord 223 249:233 248
reseting
drawing coord:223 177:223 203
coord 236 201:236 230
coord 237 175:237 198
appending coord:236 201:237 198
coord 238 245:242 248
reseting
drawing coord:236 201:237 198
coord 244 173:244 198
coord 247 173:247 196
appending coord:244 173:247 196
coord 248 173:248 195
appending coord:244 173:248 195
coord 256 231:266 248
reseting
drawing coord:244 173:248 195
coord 270 231:272 248
coord 274 230:274 235
appending coord:270 231:274 235
coord 275 173:276 177
reseting
drawing coord:270 231:274 235
coord 277 175:277 182
coord 279 227:279 228
reseting
drawing coord:277 175:277 182
coord 280 185:280 223
coord 280 238:280 239
reseting
drawing coord:280 185:280 223
coord 281 226:281 227
coord 282 226:283 226
appending coord:281 226:283 226
coord 284 180:285 178
reseting
drawing coord:281 226:283 226
coord 286 167:286 177
coord 286 239:286 248
reseting
drawing coord:286 167:286 177
coord 287 180:287 220
coord 288 167:288 220
appending coord:287 180:288 220
coord 290 169:290 198
appending coord:287 180:290 198
coord 291 169:291 199
appending coord:287 180:291 199
coord 292 169:293 218
appending coord:287 180:293 218
coord 294 169:294 174
appending coord:287 180:294 174
coord 296 238:296 239
reseting
drawing coord:287 180:294 174
coord 298 247:298 253
coord 300 235:300 253
appending coord:298 247:300 253
coord 308 215:308 224
reseting
drawing coord:298 247:300 253
coord 312 165:313 167
coord 317 169:319 177
appending coord:312 165:319 177
coord 321 232:321 248
reseting
drawing coord:312 165:319 177
coord 323 175:329 181
coord 332 188:332 190
appending coord:323 175:332 190
coord 333 177:333 180
appending coord:323 175:333 180
coord 335 179:335 190
appending coord:323 175:335 190
coord 336 367:336 385
reseting
drawing coord:323 175:335 190
coord 337 366:337 383
coord 339 361:339 380
appending coord:337 366:339 380
coord 341 177:341 189
reseting
drawing coord:337 366:339 380
coord 343 175:344 190
coord 346 189:346 191
appending coord:343 175:346 191
coord 351 167:353 170
appending coord:343 175:353 170
coord 355 248:355 249
reseting
drawing coord:343 175:353 170
coord 357 338:357 347
coord 358 337:359 344
appending coord:357 338:359 344
coord 362 179:376 186
reseting
drawing coord:357 338:359 344
coord 377 170:383 179
coord 384 169:386 179
appending coord:377 170:386 179
coord 387 169:392 173
appending coord:377 170:392 173
coord 423 185:423 396
reseting
drawing coord:377 170:392 173
coord 438 179:452 194
coord 453 175:457 180
appending coord:438 179:457 180
coord 462 163:462 169
appending coord:438 179:462 169
coord 466 202:466 204
appending coord:438 179:466 204
coord 473 181:473 189
reseting
drawing coord:438 179:466 204
coord 479 185:482 202
coord 484 232:484 248
reseting
drawing coord:479 185:482 202
coord 488 181:489 190
coord 490 189:490 190
appending coord:488 181:490 190
coord 494 179:494 189
appending coord:488 181:494 189
coord 498 221:498 222
reseting
drawing coord:488 181:494 189
coord 499 221:499 223
coord 500 192:500 195
appending coord:499 221:500 195
coord 501 222:502 225
appending coord:499 221:502 225
coord 504 225:504 226
appending coord:499 221:504 226
coord 509 228:509 229
appending coord:499 221:509 229
coord 511 228:511 229
appending coord:499 221:511 229
coord 512 184:512 193
reseting
drawing coord:499 221:511 229
coord 513 167:513 179
coord 513 229:513 230
reseting
drawing coord:513 167:513 179
coord 515 167:516 170
coord 517 169:517 170
appending coord:515 167:517 170
coord 517 232:517 233
reseting
drawing coord:515 167:517 170
coord 518 184:518 194
coord 519 169:520 196
appending coord:518 184:520 196
coord 521 181:521 196
appending coord:518 184:521 196
coord 522 189:522 198
appending coord:518 184:522 198
coord 523 175:523 181
appending coord:518 184:523 181
coord 524 192:524 198
appending coord:518 184:524 198
coord 525 237:526 238
reseting
drawing coord:518 184:524 198
coord 527 193:528 190
coord 529 189:529 199
appending coord:527 193:529 199
coord 533 175:533 199
appending coord:527 193:533 199
coord 534 192:535 201
appending coord:527 193:535 201
coord 536 163:537 164
reseting
drawing coord:527 193:535 201
coord 538 163:538 164
coord 539 163:539 164
appending coord:538 163:539 164
coord 540 163:540 164
appending coord:538 163:540 164
coord 542 177:547 205
appending coord:538 163:547 205
coord 548 189:548 205
appending coord:538 163:548 205
coord 549 190:549 205
appending coord:538 163:549 205
coord 550 190:550 206
appending coord:538 163:550 206
coord 551 191:552 206
appending coord:538 163:552 206
coord 553 191:554 207
appending coord:538 163:554 207
coord 554 255:554 256
reseting
drawing coord:538 163:554 207
coord 555 255:555 257
coord 557 192:557 208
reseting
drawing coord:555 255:555 257
coord 558 193:560 209
coord 561 194:562 209
appending coord:558 193:562 209
coord 562 247:562 247
reseting
drawing coord:558 193:562 209
coord 563 248:563 262
coord 565 195:565 210
reseting
drawing coord:563 248:563 262
coord 565 261:565 263
coord 566 246:566 247
appending coord:565 261:566 247
coord 567 196:568 211
reseting
drawing coord:565 261:566 247
coord 569 196:569 201
coord 569 263:569 266
reseting
drawing coord:569 196:569 201
coord 570 209:572 204
coord 573 197:573 204
appending coord:570 209:573 204
coord 574 197:574 204
appending coord:570 209:574 204
coord 575 198:575 213
appending coord:570 209:575 213
coord 577 237:577 238
appending coord:570 209:577 238
coord 578 268:581 274
reseting
drawing coord:570 209:577 238
coord 583 272:584 276
coord 586 274:586 277
appending coord:583 272:586 277
coord 589 276:589 279
appending coord:583 272:589 279
coord 590 248:590 248
appending coord:583 272:590 248
coord 591 165:591 180
reseting
drawing coord:583 272:590 248
coord 591 237:591 237
coord 592 208:592 217
appending coord:591 237:592 217
coord 592 248:592 248
appending coord:591 237:592 248
coord 593 247:593 248
appending coord:591 237:593 248
coord 595 203:595 218
reseting
drawing coord:591 237:593 248
coord 595 280:595 283
coord 597 239:597 248
reseting
drawing coord:595 280:595 283
coord 599 261:599 262
coord 600 233:600 250
appending coord:599 261:600 250
coord 601 283:602 288
appending coord:599 261:602 288
coord 603 234:603 248
appending coord:599 261:603 248
coord 604 264:604 268
appending coord:599 261:604 268
coord 605 287:605 290
appending coord:599 261:605 290
coord 606 189:606 193
reseting
drawing coord:599 261:605 290
coord 606 265:607 267
coord 608 207:608 223
reseting
drawing coord:606 265:607 267
coord 609 267:611 269
coord 612 268:613 270
appending coord:609 267:613 270
coord 614 214:614 223
reseting
drawing coord:609 267:613 270
coord 615 191:615 195
coord 615 270:615 271
reseting
drawing coord:615 191:615 195
coord 616 213:616 225
coord 618 241:618 241
appending coord:616 213:618 241
coord 620 193:620 197
appending coord:616 213:620 197
coord 620 272:620 273
reseting
drawing coord:616 213:620 197
coord 621 210:621 226
coord 621 296:621 301
reseting
drawing coord:621 210:621 226
coord 622 210:622 226
coord 623 193:623 197
appending coord:622 210:623 197
coord 623 232:623 234
appending coord:622 210:623 234
coord 623 297:623 302
reseting
drawing coord:622 210:623 234
coord 624 299:624 303
coord 625 299:625 304
appending coord:624 299:625 304
coord 627 195:627 198
reseting
drawing coord:624 299:625 304
coord 627 300:627 305
coord 628 214:628 228
reseting
drawing coord:627 300:627 305
coord 628 301:628 306
coord 629 212:629 229
reseting
drawing coord:628 301:628 306
coord 630 195:630 198
coord 630 277:630 278
reseting
drawing coord:630 195:630 198
coord 631 195:631 199
coord 632 211:632 227
appending coord:631 195:632 227
coord 632 279:632 280
reseting
drawing coord:631 195:632 227
coord 634 197:634 200
coord 634 237:634 238
reseting
drawing coord:634 197:634 200
coord 634 305:634 310
coord 635 212:635 227
reseting
drawing coord:634 305:634 310
coord 635 248:635 248
coord 636 203:636 228
reseting
drawing coord:635 248:635 248
coord 636 248:636 248
coord 637 213:637 228
reseting
drawing coord:636 248:636 248
coord 637 280:637 282
coord 638 307:638 313
appending coord:637 280:638 313
coord 640 237:640 248
reseting
drawing coord:637 280:638 313
coord 641 239:641 248
coord 641 309:641 315
reseting
drawing coord:641 239:641 248
coord 645 285:645 287
coord 646 286:647 288
appending coord:645 285:647 288
coord 649 237:649 238
reseting
drawing coord:645 285:647 288
coord 650 316:650 321
coord 651 288:651 290
appending coord:650 316:651 290
coord 653 289:653 291
appending coord:650 316:653 291
coord 654 290:654 292
appending coord:650 316:654 292
coord 655 242:655 248
reseting
drawing coord:650 316:654 292
coord 657 321:657 326
coord 658 292:658 295
appending coord:657 321:658 295
coord 660 217:660 235
reseting
drawing coord:657 321:658 295
coord 660 322:660 328
coord 662 295:662 296
appending coord:660 322:662 296
coord 663 295:663 296
appending coord:660 322:663 296
coord 664 203:664 208
reseting
drawing coord:660 322:663 296
coord 664 325:664 331
coord 665 296:665 298
appending coord:664 325:665 298
coord 666 214:666 215
reseting
drawing coord:664 325:665 298
coord 666 296:666 298
coord 667 296:667 299
appending coord:666 296:667 299
coord 668 297:668 300
appending coord:666 296:668 300
coord 669 238:669 251
reseting
drawing coord:666 296:668 300
coord 671 330:671 336
coord 674 219:674 239
reseting
drawing coord:671 330:671 336
coord 675 249:675 297
coord 675 332:675 339
reseting
drawing coord:675 249:675 297
coord 677 205:677 214
coord 677 334:677 340
reseting
drawing coord:677 205:677 214
coord 678 303:678 305
coord 679 242:679 248
reseting
drawing coord:678 303:678 305
coord 680 246:680 248
coord 681 238:681 247
appending coord:680 246:681 247
coord 681 336:681 343
reseting
drawing coord:680 246:681 247
coord 682 305:682 307
coord 683 305:683 308
appending coord:682 305:683 308
coord 684 306:684 308
appending coord:682 305:684 308
coord 685 221:685 241
reseting
drawing coord:682 305:684 308
coord 685 338:685 346
coord 686 307:686 309
reseting
drawing coord:685 338:685 346
coord 687 306:687 310
coord 688 308:689 311
appending coord:687 306:689 311
coord 690 249:690 305
reseting
drawing coord:687 306:689 311
coord 691 343:691 350
coord 692 343:692 351
appending coord:691 343:692 351
coord 694 345:694 352
appending coord:691 343:694 352
coord 695 346:695 353
appending coord:691 343:695 353
coord 697 245:697 247
reseting
drawing coord:691 343:695 353
coord 698 313:698 316
coord 699 250:699 310
reseting
drawing coord:698 313:698 316
coord 699 348:699 356
coord 700 313:700 318
reseting
drawing coord:699 348:699 356
coord 701 314:702 319
coord 703 316:703 320
appending coord:701 314:703 320
coord 704 316:704 319
appending coord:701 314:704 319
coord 705 316:705 319
appending coord:701 314:705 319
coord 706 317:706 320
appending coord:701 314:706 320
coord 707 247:707 314
reseting
drawing coord:701 314:706 320
coord 709 319:709 323
coord 710 237:710 247
reseting
drawing coord:709 319:709 323
coord 710 355:710 364
coord 712 321:712 324
reseting
drawing coord:710 355:710 364
coord 713 243:713 249
coord 713 357:718 370
reseting
drawing coord:713 243:713 249
coord 720 362:722 373
coord 724 328:724 330
reseting
drawing coord:720 362:722 373
coord 725 249:725 253
coord 725 365:725 375
reseting
drawing coord:725 249:725 253
coord 728 368:728 377
coord 730 227:730 247
reseting
drawing coord:728 368:728 377
coord 731 227:731 247
coord 732 371:736 383
reseting
drawing coord:731 227:731 247
coord 738 229:738 256
coord 738 335:738 339
reseting
drawing coord:738 229:738 256
coord 739 335:739 340
coord 740 336:740 340
appending coord:739 335:740 340
coord 741 339:741 339
appending coord:739 335:741 339
coord 742 340:742 341
appending coord:739 335:742 341
coord 743 377:744 389
reseting
drawing coord:739 335:742 341
coord 745 340:745 342
coord 746 339:746 344
appending coord:745 340:746 344
coord 747 231:747 259
reseting
drawing coord:745 340:746 344
coord 747 381:747 391
coord 748 382:748 392
appending coord:747 381:748 392
coord 749 341:749 345
reseting
drawing coord:747 381:748 392
coord 750 343:750 344
coord 752 231:752 261
reseting
drawing coord:750 343:750 344
coord 752 384:752 395
coord 753 343:753 348
reseting
drawing coord:752 384:752 395
coord 755 227:755 266
coord 755 346:755 348
reseting
drawing coord:755 227:755 266
coord 756 385:758 399
coord 759 389:765 404
appending coord:756 385:765 404
coord 766 349:766 355
reseting
drawing coord:756 385:765 404
coord 767 233:767 265
coord 768 233:768 265
appending coord:767 233:768 265
coord 768 396:768 407
reseting
drawing coord:767 233:768 265
coord 769 268:769 346
coord 769 366:769 376
reseting
drawing coord:769 268:769 346
coord 770 233:770 265
coord 770 367:770 376
reseting
drawing coord:770 233:770 265
coord 771 233:771 266
coord 773 399:778 414
reseting
drawing coord:771 233:771 266
coord 779 357:779 363
coord 780 358:780 364
appending coord:779 357:780 364
coord 781 358:781 365
appending coord:779 357:781 365
coord 782 272:782 355
reseting
drawing coord:779 357:781 365
coord 782 405:782 417
coord 783 359:783 372
reseting
drawing coord:782 405:782 417
coord 784 360:784 366
coord 785 360:785 367
appending coord:784 360:785 367
coord 786 360:786 367
appending coord:784 360:786 367
coord 787 361:787 371
appending coord:784 360:787 371
coord 790 410:790 423
reseting
drawing coord:784 360:787 371
coord 792 363:792 370
coord 793 237:793 271
reseting
drawing coord:792 363:792 370
coord 794 237:798 252
coord 800 417:804 433
reseting
drawing coord:794 237:798 252
coord 806 373:806 378
coord 807 373:809 380
appending coord:806 373:809 380
coord 813 377:813 383
appending coord:806 373:813 383
coord 822 433:822 447
reseting
drawing coord:806 373:813 383
coord 823 384:823 386
coord 824 384:824 387
appending coord:823 384:824 387
coord 825 384:825 388
appending coord:823 384:825 388
coord 826 384:826 389
appending coord:823 384:826 389
coord 827 384:827 390
appending coord:823 384:827 390
coord 828 385:828 390
appending coord:823 384:828 390
coord 829 386:829 392
appending coord:823 384:829 392
coord 830 386:830 392
appending coord:823 384:830 392
coord 831 386:833 395
appending coord:823 384:833 395
coord 837 243:837 283
reseting
drawing coord:823 384:833 395
coord 838 243:838 283
coord 839 243:839 284
appending coord:838 243:839 284
coord 840 243:840 284
appending coord:838 243:840 284
coord 841 243:841 285
appending coord:838 243:841 285
coord 842 243:842 285
appending coord:838 243:842 285
coord 843 243:843 285
appending coord:838 243:843 285
coord 844 243:844 285
appending coord:838 243:844 285
coord 845 243:845 285
appending coord:838 243:845 285